<?xml version="1.0" encoding="UTF-8"?>
<!-- Generated by org.testng.reporters.JUnitReportReporter -->
<testsuite hostname="DESKTOP-EGODLGH" failures="0" tests="1" name="driverFactory.AppTest" time="30.629" errors="0" timestamp="2024-12-09T16:53:00 IST" skipped="0">
  <testcase classname="driverFactory.AppTest" name="startTest" time="30.629">
    <system-out>
      <![CDATA[No of rows are::5]]>
    </system-out>
  </testcase> <!-- startTest -->
  <system-out>
    <![CDATA[No of rows are::5]]>
  </system-out>
</testsuite> <!-- driverFactory.AppTest -->
